<?xml version="1.0" encoding="UTF-8"?>
<testng-results ignored="0" total="1" passed="1" failed="0" skipped="0">
  <reporter-output>
  </reporter-output>
  <suite started-at="2026-03-15T16:25:03 IST" name="Default suite" finished-at="2026-03-15T16:25:05 IST" duration-ms="1758">
    <groups>
    </groups>
    <test started-at="2026-03-15T16:25:03 IST" name="Default test" finished-at="2026-03-15T16:25:05 IST" duration-ms="1758">
      <class name="restASUUREDMethods.getMethod">
        <test-method signature="testGetStatusCodeAndBody()[pri:0, instance:restASUUREDMethods.getMethod@2b62442c]" started-at="2026-03-15T16:25:03 IST" name="testGetStatusCodeAndBody" finished-at="2026-03-15T16:25:05 IST" duration-ms="1731" status="PASS">
          <reporter-output>
          </reporter-output>
        </test-method> <!-- testGetStatusCodeAndBody -->
      </class> <!-- restASUUREDMethods.getMethod -->
    </test> <!-- Default test -->
  </suite> <!-- Default suite -->
</testng-results>
