<?xml version="1.0" encoding="UTF-8"?>
<testng-results ignored="0" total="1" passed="1" failed="0" skipped="0">
  <reporter-output>
  </reporter-output>
  <suite started-at="2026-03-14T16:12:42 IST" name="Default suite" finished-at="2026-03-14T16:12:42 IST" duration-ms="49">
    <groups>
    </groups>
    <test started-at="2026-03-14T16:12:42 IST" name="Default test" finished-at="2026-03-14T16:12:42 IST" duration-ms="49">
      <class name="restASSUREDpack.restASSUREDclass">
        <test-method signature="restAssured()[pri:0, instance:restASSUREDpack.restASSUREDclass@6865c751]" started-at="2026-03-14T16:12:42 IST" name="restAssured" finished-at="2026-03-14T16:12:42 IST" duration-ms="12" status="PASS">
          <reporter-output>
          </reporter-output>
        </test-method> <!-- restAssured -->
      </class> <!-- restASSUREDpack.restASSUREDclass -->
    </test> <!-- Default test -->
  </suite> <!-- Default suite -->
</testng-results>
